

Processing ApplicationController#index (for 127.0.0.1 at 2010-11-28 14:16:17) [GET]

ActionController::RoutingError (No route matches "/info.html" with {:method=>:get}):
  

Rendering rescues/layout (not_found)


Processing Rails::InfoController#properties (for 127.0.0.1 at 2010-11-28 14:29:24) [GET]
  [4;36;1mSQL (0.3ms)[0m   [0;1m SELECT name
 FROM sqlite_master
 WHERE type = 'table' AND NOT name = 'sqlite_sequence'
[0m
Completed in 16ms (View: 2, DB: 0) | 200 OK [http://localhost/rails/info/properties]


Processing Rails::InfoController#properties (for 127.0.0.1 at 2010-11-28 18:34:14) [GET]
  [4;36;1mSQL (0.3ms)[0m   [0;1m SELECT name
 FROM sqlite_master
 WHERE type = 'table' AND NOT name = 'sqlite_sequence'
[0m
Completed in 107ms (View: 30, DB: 0) | 200 OK [http://localhost/rails/info/properties]


Processing ApplicationController#index (for 127.0.0.1 at 2010-11-28 19:36:45) [GET]

ActionController::RoutingError (No route matches "/phonegap.js" with {:method=>:get}):
  

Rendering rescues/layout (not_found)


Processing ApplicationController#index (for 127.0.0.1 at 2010-11-28 19:44:55) [GET]

ActionController::RoutingError (No route matches "/phonegap.js" with {:method=>:get}):
  

Rendering rescues/layout (not_found)
